<?xml version="1.0" encoding="UTF-8"?>
<testsuite name="com.dell.autoscaling101.Autoscaling101ApplicationTests" tests="1" skipped="0" failures="0" errors="0" timestamp="2021-06-02T04:55:30" hostname="ugaddi-a01.vmware.com" time="0.248">
  <properties/>
  <testcase name="contextLoads()" classname="com.dell.autoscaling101.Autoscaling101ApplicationTests" time="0.248"/>
  <system-out><![CDATA[23:55:28.763 [Test worker] DEBUG org.springframework.test.context.BootstrapUtils - Instantiating CacheAwareContextLoaderDelegate from class [org.springframework.test.context.cache.DefaultCacheAwareContextLoaderDelegate]
23:55:28.771 [Test worker] DEBUG org.springframework.test.context.BootstrapUtils - Instantiating BootstrapContext using constructor [public org.springframework.test.context.support.DefaultBootstrapContext(java.lang.Class,org.springframework.test.context.CacheAwareContextLoaderDelegate)]
23:55:28.792 [Test worker] DEBUG org.springframework.test.context.BootstrapUtils - Instantiating TestContextBootstrapper for test class [com.dell.autoscaling101.Autoscaling101ApplicationTests] from class [org.springframework.boot.test.context.SpringBootTestContextBootstrapper]
23:55:28.799 [Test worker] INFO org.springframework.boot.test.context.SpringBootTestContextBootstrapper - Neither @ContextConfiguration nor @ContextHierarchy found for test class [com.dell.autoscaling101.Autoscaling101ApplicationTests], using SpringBootContextLoader
23:55:28.801 [Test worker] DEBUG org.springframework.test.context.support.AbstractContextLoader - Did not detect default resource location for test class [com.dell.autoscaling101.Autoscaling101ApplicationTests]: class path resource [com/dell/autoscaling101/Autoscaling101ApplicationTests-context.xml] does not exist
23:55:28.802 [Test worker] DEBUG org.springframework.test.context.support.AbstractContextLoader - Did not detect default resource location for test class [com.dell.autoscaling101.Autoscaling101ApplicationTests]: class path resource [com/dell/autoscaling101/Autoscaling101ApplicationTestsContext.groovy] does not exist
23:55:28.802 [Test worker] INFO org.springframework.test.context.support.AbstractContextLoader - Could not detect default resource locations for test class [com.dell.autoscaling101.Autoscaling101ApplicationTests]: no resource found for suffixes {-context.xml, Context.groovy}.
23:55:28.802 [Test worker] INFO org.springframework.test.context.support.AnnotationConfigContextLoaderUtils - Could not detect default configuration classes for test class [com.dell.autoscaling101.Autoscaling101ApplicationTests]: Autoscaling101ApplicationTests does not declare any static, non-private, non-final, nested classes annotated with @Configuration.
23:55:28.826 [Test worker] DEBUG org.springframework.test.context.support.ActiveProfilesUtils - Could not find an 'annotation declaring class' for annotation type [org.springframework.test.context.ActiveProfiles] and class [com.dell.autoscaling101.Autoscaling101ApplicationTests]
23:55:28.862 [Test worker] DEBUG org.springframework.context.annotation.ClassPathScanningCandidateComponentProvider - Identified candidate component class: file [/Users/razagaddi/Accounts/Dell/TAS/Auto Scaling/autoscaling101/build/classes/java/main/com/dell/autoscaling101/Autoscaling101Application.class]
23:55:28.872 [Test worker] INFO org.springframework.boot.test.context.SpringBootTestContextBootstrapper - Found @SpringBootConfiguration com.dell.autoscaling101.Autoscaling101Application for test class com.dell.autoscaling101.Autoscaling101ApplicationTests
23:55:28.925 [Test worker] DEBUG org.springframework.boot.test.context.SpringBootTestContextBootstrapper - @TestExecutionListeners is not present for class [com.dell.autoscaling101.Autoscaling101ApplicationTests]: using defaults.
23:55:28.926 [Test worker] INFO org.springframework.boot.test.context.SpringBootTestContextBootstrapper - Loaded default TestExecutionListener class names from location [META-INF/spring.factories]: [org.springframework.security.test.context.support.WithSecurityContextTestExecutionListener, org.springframework.security.test.context.support.ReactorContextTestExecutionListener, org.springframework.boot.test.autoconfigure.restdocs.RestDocsTestExecutionListener, org.springframework.boot.test.autoconfigure.web.client.MockRestServiceServerResetTestExecutionListener, org.springframework.boot.test.autoconfigure.web.servlet.MockMvcPrintOnlyOnFailureTestExecutionListener, org.springframework.boot.test.autoconfigure.web.servlet.WebDriverTestExecutionListener, org.springframework.boot.test.autoconfigure.webservices.client.MockWebServiceServerTestExecutionListener, org.springframework.boot.test.mock.mockito.MockitoTestExecutionListener, org.springframework.boot.test.mock.mockito.ResetMocksTestExecutionListener, org.springframework.test.context.web.ServletTestExecutionListener, org.springframework.test.context.support.DirtiesContextBeforeModesTestExecutionListener, org.springframework.test.context.event.ApplicationEventsTestExecutionListener, org.springframework.test.context.support.DependencyInjectionTestExecutionListener, org.springframework.test.context.support.DirtiesContextTestExecutionListener, org.springframework.test.context.transaction.TransactionalTestExecutionListener, org.springframework.test.context.jdbc.SqlScriptsTestExecutionListener, org.springframework.test.context.event.EventPublishingTestExecutionListener]
23:55:28.933 [Test worker] DEBUG org.springframework.boot.test.context.SpringBootTestContextBootstrapper - Skipping candidate TestExecutionListener [org.springframework.test.context.transaction.TransactionalTestExecutionListener] due to a missing dependency. Specify custom listener classes or make the default listener classes and their required dependencies available. Offending class: [org/springframework/transaction/interceptor/TransactionAttributeSource]
23:55:28.934 [Test worker] DEBUG org.springframework.boot.test.context.SpringBootTestContextBootstrapper - Skipping candidate TestExecutionListener [org.springframework.test.context.jdbc.SqlScriptsTestExecutionListener] due to a missing dependency. Specify custom listener classes or make the default listener classes and their required dependencies available. Offending class: [org/springframework/transaction/interceptor/TransactionAttribute]
23:55:28.934 [Test worker] INFO org.springframework.boot.test.context.SpringBootTestContextBootstrapper - Using TestExecutionListeners: [org.springframework.test.context.web.ServletTestExecutionListener@77b8af4e, org.springframework.test.context.support.DirtiesContextBeforeModesTestExecutionListener@6fd4539b, org.springframework.test.context.event.ApplicationEventsTestExecutionListener@28acd886, org.springframework.boot.test.mock.mockito.MockitoTestExecutionListener@97c33e2, org.springframework.boot.test.autoconfigure.SpringBootDependencyInjectionTestExecutionListener@3b8c2f5c, org.springframework.test.context.support.DirtiesContextTestExecutionListener@7689eb3d, org.springframework.security.test.context.support.WithSecurityContextTestExecutionListener@382f6582, org.springframework.test.context.event.EventPublishingTestExecutionListener@5024b246, org.springframework.security.test.context.support.ReactorContextTestExecutionListener@a8881d1, org.springframework.boot.test.autoconfigure.restdocs.RestDocsTestExecutionListener@336153be, org.springframework.boot.test.autoconfigure.web.client.MockRestServiceServerResetTestExecutionListener@70a12325, org.springframework.boot.test.autoconfigure.web.servlet.MockMvcPrintOnlyOnFailureTestExecutionListener@56209f5, org.springframework.boot.test.autoconfigure.web.servlet.WebDriverTestExecutionListener@4baa9681, org.springframework.boot.test.autoconfigure.webservices.client.MockWebServiceServerTestExecutionListener@726fd0e9, org.springframework.boot.test.mock.mockito.ResetMocksTestExecutionListener@b2e7d8a]
23:55:28.937 [Test worker] DEBUG org.springframework.test.context.support.AbstractDirtiesContextTestExecutionListener - Before test class: context [DefaultTestContext@5c33ca54 testClass = Autoscaling101ApplicationTests, testInstance = [null], testMethod = [null], testException = [null], mergedContextConfiguration = [WebMergedContextConfiguration@13a235c7 testClass = Autoscaling101ApplicationTests, locations = '{}', classes = '{class com.dell.autoscaling101.Autoscaling101Application}', contextInitializerClasses = '[]', activeProfiles = '{}', propertySourceLocations = '{}', propertySourceProperties = '{org.springframework.boot.test.context.SpringBootTestContextBootstrapper=true}', contextCustomizers = set[org.springframework.boot.test.autoconfigure.actuate.metrics.MetricsExportContextCustomizerFactory$DisableMetricExportContextCustomizer@56db2d3, org.springframework.boot.test.autoconfigure.properties.PropertyMappingContextCustomizer@0, org.springframework.boot.test.autoconfigure.web.servlet.WebDriverContextCustomizerFactory$Customizer@2cacf523, org.springframework.boot.test.context.filter.ExcludeFilterContextCustomizer@671959ea, org.springframework.boot.test.json.DuplicateJsonObjectContextCustomizerFactory$DuplicateJsonObjectContextCustomizer@39862aaf, org.springframework.boot.test.mock.mockito.MockitoContextCustomizer@0, org.springframework.boot.test.web.client.TestRestTemplateContextCustomizer@5a58659e, org.springframework.boot.test.context.SpringBootTestArgs@1, org.springframework.boot.test.context.SpringBootTestWebEnvironment@6c0b86a4], resourceBasePath = 'src/main/webapp', contextLoader = 'org.springframework.boot.test.context.SpringBootContextLoader', parent = [null]], attributes = map['org.springframework.test.context.web.ServletTestExecutionListener.activateListener' -> true]], class annotated with @DirtiesContext [false] with mode [null].
23:55:28.956 [Test worker] DEBUG org.springframework.test.context.support.TestPropertySourceUtils - Adding inlined properties to environment: {spring.jmx.enabled=false, org.springframework.boot.test.context.SpringBootTestContextBootstrapper=true}

  .   ____          _            __ _ _
 /\\ / ___'_ __ _ _(_)_ __  __ _ \ \ \ \
( ( )\___ | '_ | '_| | '_ \/ _` | \ \ \ \
 \\/  ___)| |_)| | | | | || (_| |  ) ) ) )
  '  |____| .__|_| |_|_| |_\__, | / / / /
 =========|_|==============|___/=/_/_/_/
 :: Spring Boot ::                (v2.5.0)

2021-06-01 23:55:29.159  INFO 83493 --- [    Test worker] c.d.a.Autoscaling101ApplicationTests     : Starting Autoscaling101ApplicationTests using Java 16.0.1 on ugaddi-a01.vmware.com with PID 83493 (started by razagaddi in /Users/razagaddi/Accounts/Dell/TAS/Auto Scaling/autoscaling101)
2021-06-01 23:55:29.160  INFO 83493 --- [    Test worker] c.d.a.Autoscaling101ApplicationTests     : No active profile set, falling back to default profiles: default
2021-06-01 23:55:29.269  WARN 83493 --- [kground-preinit] o.s.h.c.j.Jackson2ObjectMapperBuilder    : For Jackson Kotlin classes support please add "com.fasterxml.jackson.module:jackson-module-kotlin" to the classpath
2021-06-01 23:55:30.021  INFO 83493 --- [    Test worker] .s.s.UserDetailsServiceAutoConfiguration : 

Using generated security password: b34c924a-66d9-440b-a164-c99c2c145d96

2021-06-01 23:55:30.111  INFO 83493 --- [    Test worker] o.s.s.web.DefaultSecurityFilterChain     : Will secure any request with [org.springframework.security.web.context.request.async.WebAsyncManagerIntegrationFilter@78770f07, org.springframework.security.web.context.SecurityContextPersistenceFilter@6e3870cd, org.springframework.security.web.header.HeaderWriterFilter@903925a, org.springframework.security.web.csrf.CsrfFilter@5663f162, org.springframework.security.web.authentication.logout.LogoutFilter@56548f09, org.springframework.security.web.savedrequest.RequestCacheAwareFilter@c816848, org.springframework.security.web.servletapi.SecurityContextHolderAwareRequestFilter@4a6755ec, org.springframework.security.web.authentication.AnonymousAuthenticationFilter@5bb07583, org.springframework.security.web.session.SessionManagementFilter@1e134788, org.springframework.security.web.access.ExceptionTranslationFilter@96700a4, org.springframework.security.web.access.intercept.FilterSecurityInterceptor@e126cf7]
2021-06-01 23:55:30.559  INFO 83493 --- [    Test worker] o.s.b.a.e.web.EndpointLinksResolver      : Exposing 0 endpoint(s) beneath base path '/actuator'
2021-06-01 23:55:30.599  INFO 83493 --- [    Test worker] c.d.a.Autoscaling101ApplicationTests     : Started Autoscaling101ApplicationTests in 1.637 seconds (JVM running for 2.343)
2021-06-01 23:55:30.628  INFO 83493 --- [    Test worker] o.s.b.a.ApplicationAvailabilityBean      : Application availability state LivenessState changed to CORRECT
2021-06-01 23:55:30.629  INFO 83493 --- [    Test worker] o.s.b.a.ApplicationAvailabilityBean      : Application availability state ReadinessState changed to ACCEPTING_TRAFFIC
]]></system-out>
  <system-err><![CDATA[]]></system-err>
</testsuite>
